{"/Users/mateusz.skibicki/Desktop/test-sls/src/core/index.ts": {"path":"/Users/mateusz.skibicki/Desktop/test-sls/src/core/index.ts","statementMap":{"0":{"start":{"line":1,"column":0},"end":{"line":1,"column":27}},"1":{"start":{"line":2,"column":0},"end":{"line":2,"column":25}}},"fnMap":{},"branchMap":{},"s":{"0":2,"1":2},"f":{},"b":{}}
,"/Users/mateusz.skibicki/Desktop/test-sls/src/core/database/index.ts": {"path":"/Users/mateusz.skibicki/Desktop/test-sls/src/core/database/index.ts","statementMap":{"0":{"start":{"line":1,"column":0},"end":{"line":1,"column":23}},"1":{"start":{"line":2,"column":0},"end":{"line":2,"column":25}},"2":{"start":{"line":3,"column":0},"end":{"line":3,"column":27}}},"fnMap":{},"branchMap":{},"s":{"0":2,"1":2,"2":2},"f":{},"b":{}}
,"/Users/mateusz.skibicki/Desktop/test-sls/src/core/database/enum/database.enum.ts": {"path":"/Users/mateusz.skibicki/Desktop/test-sls/src/core/database/enum/database.enum.ts","statementMap":{"0":{"start":{"line":6,"column":0},"end":{"line":6,"column":null}},"1":{"start":{"line":7,"column":2},"end":{"line":7,"column":null}},"2":{"start":{"line":8,"column":2},"end":{"line":8,"column":null}}},"fnMap":{"0":{"name":"(anonymous_0)","decl":{"start":{"line":6,"column":0},"end":{"line":6,"column":18}},"loc":{"start":{"line":6,"column":30},"end":{"line":9,"column":1}}}},"branchMap":{"0":{"loc":{"start":{"line":6,"column":18},"end":{"line":6,"column":30}},"type":"binary-expr","locations":[{"start":{"line":6,"column":18},"end":{"line":6,"column":30}},{"start":{"line":6,"column":18},"end":{"line":6,"column":null}}]}},"s":{"0":2,"1":2,"2":2},"f":{"0":2},"b":{"0":[2,2]}}
,"/Users/mateusz.skibicki/Desktop/test-sls/src/core/database/enum/index.ts": {"path":"/Users/mateusz.skibicki/Desktop/test-sls/src/core/database/enum/index.ts","statementMap":{"0":{"start":{"line":1,"column":0},"end":{"line":1,"column":32}}},"fnMap":{},"branchMap":{},"s":{"0":2},"f":{},"b":{}}
,"/Users/mateusz.skibicki/Desktop/test-sls/src/core/database/models/BaseModel.model.ts": {"path":"/Users/mateusz.skibicki/Desktop/test-sls/src/core/database/models/BaseModel.model.ts","statementMap":{"0":{"start":{"line":1,"column":0},"end":{"line":1,"column":77}},"1":{"start":{"line":22,"column":4},"end":{"line":22,"column":22}},"2":{"start":{"line":22,"column":15},"end":{"line":22,"column":22}},"3":{"start":{"line":24,"column":4},"end":{"line":26,"column":null}},"4":{"start":{"line":25,"column":6},"end":{"line":25,"column":18}},"5":{"start":{"line":16,"column":2},"end":{"line":16,"column":null}},"6":{"start":{"line":11,"column":0},"end":{"line":11,"column":22}}},"fnMap":{"0":{"name":"(anonymous_2)","decl":{"start":{"line":21,"column":2},"end":{"line":21,"column":14}},"loc":{"start":{"line":21,"column":44},"end":{"line":27,"column":3}}}},"branchMap":{"0":{"loc":{"start":{"line":22,"column":4},"end":{"line":22,"column":22}},"type":"if","locations":[{"start":{"line":22,"column":4},"end":{"line":22,"column":22}},{"start":{"line":22,"column":4},"end":{"line":22,"column":22}}]}},"s":{"0":4,"1":6,"2":5,"3":1,"4":2,"5":4,"6":4},"f":{"0":6},"b":{"0":[5,1]}}
,"/Users/mateusz.skibicki/Desktop/test-sls/src/core/database/models/Customer.model.ts": {"path":"/Users/mateusz.skibicki/Desktop/test-sls/src/core/database/models/Customer.model.ts","statementMap":{"0":{"start":{"line":1,"column":0},"end":{"line":1,"column":null}},"1":{"start":{"line":7,"column":0},"end":{"line":7,"column":46}},"2":{"start":{"line":10,"column":0},"end":{"line":54,"column":null}},"3":{"start":{"line":52,"column":4},"end":{"line":52,"column":19}},"4":{"start":{"line":15,"column":2},"end":{"line":15,"column":null}},"5":{"start":{"line":14,"column":37},"end":{"line":14,"column":47}},"6":{"start":{"line":21,"column":2},"end":{"line":21,"column":null}},"7":{"start":{"line":20,"column":38},"end":{"line":20,"column":48}},"8":{"start":{"line":27,"column":2},"end":{"line":27,"column":null}},"9":{"start":{"line":33,"column":2},"end":{"line":33,"column":null}},"10":{"start":{"line":39,"column":2},"end":{"line":39,"column":null}},"11":{"start":{"line":45,"column":2},"end":{"line":45,"column":null}},"12":{"start":{"line":10,"column":13},"end":{"line":54,"column":null}},"13":{"start":{"line":10,"column":13},"end":{"line":10,"column":21}}},"fnMap":{"0":{"name":"(anonymous_2)","decl":{"start":{"line":51,"column":2},"end":{"line":51,"column":13}},"loc":{"start":{"line":51,"column":15},"end":{"line":53,"column":3}}},"1":{"name":"(anonymous_3)","decl":{"start":{"line":14,"column":31},"end":{"line":14,"column":34}},"loc":{"start":{"line":14,"column":37},"end":{"line":14,"column":47}}},"2":{"name":"(anonymous_4)","decl":{"start":{"line":20,"column":32},"end":{"line":20,"column":35}},"loc":{"start":{"line":20,"column":38},"end":{"line":20,"column":48}}}},"branchMap":{},"s":{"0":3,"1":3,"2":3,"3":4310,"4":3,"5":0,"6":3,"7":0,"8":3,"9":3,"10":3,"11":3,"12":3,"13":3},"f":{"0":4310,"1":0,"2":0},"b":{}}
,"/Users/mateusz.skibicki/Desktop/test-sls/src/core/database/models/index.ts": {"path":"/Users/mateusz.skibicki/Desktop/test-sls/src/core/database/models/index.ts","statementMap":{"0":{"start":{"line":1,"column":0},"end":{"line":1,"column":34}},"1":{"start":{"line":2,"column":0},"end":{"line":2,"column":33}}},"fnMap":{},"branchMap":{},"s":{"0":2,"1":2},"f":{},"b":{}}
,"/Users/mateusz.skibicki/Desktop/test-sls/src/core/database/services/database.service.ts": {"path":"/Users/mateusz.skibicki/Desktop/test-sls/src/core/database/services/database.service.ts","statementMap":{"0":{"start":{"line":1,"column":0},"end":{"line":1,"column":35}},"1":{"start":{"line":2,"column":0},"end":{"line":2,"column":55}},"2":{"start":{"line":13,"column":2},"end":{"line":15,"column":null}},"3":{"start":{"line":14,"column":4},"end":{"line":14,"column":61}},"4":{"start":{"line":16,"column":2},"end":{"line":16,"column":61}},"5":{"start":{"line":16,"column":15},"end":{"line":16,"column":61}},"6":{"start":{"line":18,"column":2},"end":{"line":18,"column":16}},"7":{"start":{"line":12,"column":0},"end":{"line":12,"column":16}}},"fnMap":{"0":{"name":"database","decl":{"start":{"line":12,"column":16},"end":{"line":12,"column":24}},"loc":{"start":{"line":12,"column":24},"end":{"line":19,"column":1}}}},"branchMap":{"0":{"loc":{"start":{"line":13,"column":2},"end":{"line":15,"column":null}},"type":"if","locations":[{"start":{"line":13,"column":2},"end":{"line":15,"column":null}},{"start":{"line":13,"column":2},"end":{"line":15,"column":null}}]},"1":{"loc":{"start":{"line":16,"column":2},"end":{"line":16,"column":61}},"type":"if","locations":[{"start":{"line":16,"column":2},"end":{"line":16,"column":61}},{"start":{"line":16,"column":2},"end":{"line":16,"column":61}}]}},"s":{"0":2,"1":2,"2":7,"3":2,"4":7,"5":2,"6":7,"7":2},"f":{"0":7},"b":{"0":[2,5],"1":[2,5]}}
,"/Users/mateusz.skibicki/Desktop/test-sls/src/core/database/services/index.ts": {"path":"/Users/mateusz.skibicki/Desktop/test-sls/src/core/database/services/index.ts","statementMap":{"0":{"start":{"line":1,"column":0},"end":{"line":1,"column":35}}},"fnMap":{},"branchMap":{},"s":{"0":2},"f":{},"b":{}}
,"/Users/mateusz.skibicki/Desktop/test-sls/src/core/lambda/index.ts": {"path":"/Users/mateusz.skibicki/Desktop/test-sls/src/core/lambda/index.ts","statementMap":{"0":{"start":{"line":1,"column":0},"end":{"line":1,"column":28}}},"fnMap":{},"branchMap":{},"s":{"0":2},"f":{},"b":{}}
,"/Users/mateusz.skibicki/Desktop/test-sls/src/core/lambda/functions/index.ts": {"path":"/Users/mateusz.skibicki/Desktop/test-sls/src/core/lambda/functions/index.ts","statementMap":{"0":{"start":{"line":1,"column":0},"end":{"line":1,"column":34}},"1":{"start":{"line":2,"column":0},"end":{"line":2,"column":36}}},"fnMap":{},"branchMap":{},"s":{"0":2,"1":2},"f":{},"b":{}}
,"/Users/mateusz.skibicki/Desktop/test-sls/src/core/lambda/functions/lambda.function.ts": {"path":"/Users/mateusz.skibicki/Desktop/test-sls/src/core/lambda/functions/lambda.function.ts","statementMap":{"0":{"start":{"line":4,"column":0},"end":{"line":4,"column":31}},"1":{"start":{"line":24,"column":2},"end":{"line":47,"column":4}},"2":{"start":{"line":28,"column":38},"end":{"line":47,"column":4}},"3":{"start":{"line":29,"column":4},"end":{"line":46,"column":null}},"4":{"start":{"line":30,"column":6},"end":{"line":30,"column":60}},"5":{"start":{"line":32,"column":6},"end":{"line":45,"column":null}},"6":{"start":{"line":44,"column":10},"end":{"line":44,"column":35}},"7":{"start":{"line":20,"column":0},"end":{"line":20,"column":16}}},"fnMap":{"0":{"name":"lambda","decl":{"start":{"line":20,"column":16},"end":{"line":20,"column":22}},"loc":{"start":{"line":20,"column":67},"end":{"line":48,"column":1}}},"1":{"name":"(anonymous_8)","decl":{"start":{"line":24,"column":9},"end":{"line":24,"column":null}},"loc":{"start":{"line":28,"column":38},"end":{"line":47,"column":4}}},"2":{"name":"(anonymous_9)","decl":{"start":{"line":28,"column":38},"end":{"line":28,"column":null}},"loc":{"start":{"line":28,"column":38},"end":{"line":47,"column":3}}}},"branchMap":{"0":{"loc":{"start":{"line":43,"column":8},"end":{"line":44,"column":35}},"type":"switch","locations":[{"start":{"line":43,"column":8},"end":{"line":44,"column":35}}]}},"s":{"0":2,"1":1,"2":3,"3":3,"4":3,"5":1,"6":1,"7":2},"f":{"0":1,"1":3,"2":3},"b":{"0":[1]}}
,"/Users/mateusz.skibicki/Desktop/test-sls/src/core/lambda/functions/response.function.ts": {"path":"/Users/mateusz.skibicki/Desktop/test-sls/src/core/lambda/functions/response.function.ts","statementMap":{"0":{"start":{"line":18,"column":30},"end":{"line":21,"column":4}},"1":{"start":{"line":24,"column":2},"end":{"line":24,"column":64}},"2":{"start":{"line":24,"column":34},"end":{"line":24,"column":64}},"3":{"start":{"line":27,"column":2},"end":{"line":27,"column":13}},"4":{"start":{"line":12,"column":0},"end":{"line":12,"column":16}}},"fnMap":{"0":{"name":"response","decl":{"start":{"line":12,"column":16},"end":{"line":12,"column":24}},"loc":{"start":{"line":15,"column":27},"end":{"line":28,"column":1}}}},"branchMap":{"0":{"loc":{"start":{"line":24,"column":2},"end":{"line":24,"column":64}},"type":"if","locations":[{"start":{"line":24,"column":2},"end":{"line":24,"column":64}},{"start":{"line":24,"column":2},"end":{"line":24,"column":64}}]},"1":{"loc":{"start":{"line":24,"column":6},"end":{"line":24,"column":13}},"type":"binary-expr","locations":[{"start":{"line":24,"column":6},"end":{"line":24,"column":13}},{"start":{"line":24,"column":17},"end":{"line":24,"column":32}}]}},"s":{"0":3,"1":3,"2":2,"3":3,"4":2},"f":{"0":3},"b":{"0":[2,1],"1":[3,2]}}
,"/Users/mateusz.skibicki/Desktop/test-sls/src/create-account/create-account.lambda.ts": {"path":"/Users/mateusz.skibicki/Desktop/test-sls/src/create-account/create-account.lambda.ts","statementMap":{"0":{"start":{"line":1,"column":0},"end":{"line":1,"column":null}},"1":{"start":{"line":9,"column":0},"end":{"line":9,"column":null}},"2":{"start":{"line":18,"column":29},"end":{"line":18,"column":56}},"3":{"start":{"line":30,"column":13},"end":{"line":55,"column":2}},"4":{"start":{"line":32,"column":43},"end":{"line":54,"column":null}},"5":{"start":{"line":34,"column":42},"end":{"line":35,"column":null}},"6":{"start":{"line":39,"column":30},"end":{"line":39,"column":58}},"7":{"start":{"line":42,"column":4},"end":{"line":53,"column":6}}},"fnMap":{"0":{"name":"(anonymous_7)","decl":{"start":{"line":32,"column":2},"end":{"line":32,"column":9}},"loc":{"start":{"line":32,"column":43},"end":{"line":54,"column":null}}},"1":{"name":"(anonymous_8)","decl":{"start":{"line":32,"column":43},"end":{"line":32,"column":null}},"loc":{"start":{"line":32,"column":43},"end":{"line":54,"column":3}}}},"branchMap":{},"s":{"0":1,"1":1,"2":1,"3":1,"4":3,"5":3,"6":3,"7":2},"f":{"0":3,"1":3},"b":{}}
,"/Users/mateusz.skibicki/Desktop/test-sls/src/create-account/index.ts": {"path":"/Users/mateusz.skibicki/Desktop/test-sls/src/create-account/index.ts","statementMap":{"0":{"start":{"line":1,"column":0},"end":{"line":1,"column":28}},"1":{"start":{"line":3,"column":0},"end":{"line":3,"column":40}}},"fnMap":{},"branchMap":{},"s":{"0":1,"1":1},"f":{},"b":{}}
,"/Users/mateusz.skibicki/Desktop/test-sls/src/create-account/functions/create-account.function.ts": {"path":"/Users/mateusz.skibicki/Desktop/test-sls/src/create-account/functions/create-account.function.ts","statementMap":{"0":{"start":{"line":2,"column":0},"end":{"line":2,"column":48}},"1":{"start":{"line":10,"column":13},"end":{"line":21,"column":2}},"2":{"start":{"line":12,"column":23},"end":{"line":21,"column":2}},"3":{"start":{"line":14,"column":27},"end":{"line":14,"column":69}},"4":{"start":{"line":17,"column":32},"end":{"line":17,"column":60}},"5":{"start":{"line":20,"column":2},"end":{"line":20,"column":21}}},"fnMap":{"0":{"name":"(anonymous_7)","decl":{"start":{"line":10,"column":29},"end":{"line":10,"column":null}},"loc":{"start":{"line":12,"column":23},"end":{"line":21,"column":2}}},"1":{"name":"(anonymous_8)","decl":{"start":{"line":12,"column":23},"end":{"line":12,"column":null}},"loc":{"start":{"line":12,"column":23},"end":{"line":21,"column":1}}}},"branchMap":{},"s":{"0":2,"1":2,"2":4,"3":4,"4":4,"5":3},"f":{"0":4,"1":4},"b":{}}
,"/Users/mateusz.skibicki/Desktop/test-sls/src/create-account/functions/index.ts": {"path":"/Users/mateusz.skibicki/Desktop/test-sls/src/create-account/functions/index.ts","statementMap":{"0":{"start":{"line":1,"column":0},"end":{"line":1,"column":42}},"1":{"start":{"line":2,"column":0},"end":{"line":2,"column":48}}},"fnMap":{},"branchMap":{},"s":{"0":1,"1":1},"f":{},"b":{}}
,"/Users/mateusz.skibicki/Desktop/test-sls/src/create-account/functions/parse-create-account.function.ts": {"path":"/Users/mateusz.skibicki/Desktop/test-sls/src/create-account/functions/parse-create-account.function.ts","statementMap":{"0":{"start":{"line":2,"column":0},"end":{"line":2,"column":42}},"1":{"start":{"line":9,"column":25},"end":{"line":12,"column":2}},"2":{"start":{"line":21,"column":2},"end":{"line":21,"column":20}},"3":{"start":{"line":23,"column":2},"end":{"line":26,"column":4}},"4":{"start":{"line":20,"column":0},"end":{"line":20,"column":16}}},"fnMap":{"0":{"name":"parseCreateAccountPayload","decl":{"start":{"line":20,"column":16},"end":{"line":20,"column":41}},"loc":{"start":{"line":20,"column":54},"end":{"line":27,"column":1}}}},"branchMap":{},"s":{"0":2,"1":2,"2":6,"3":4,"4":2},"f":{"0":6},"b":{}}
,"/Users/mateusz.skibicki/Desktop/test-sls/src/validation/index.ts": {"path":"/Users/mateusz.skibicki/Desktop/test-sls/src/validation/index.ts","statementMap":{"0":{"start":{"line":1,"column":0},"end":{"line":1,"column":28}}},"fnMap":{},"branchMap":{},"s":{"0":2},"f":{},"b":{}}
,"/Users/mateusz.skibicki/Desktop/test-sls/src/validation/functions/index.ts": {"path":"/Users/mateusz.skibicki/Desktop/test-sls/src/validation/functions/index.ts","statementMap":{"0":{"start":{"line":1,"column":0},"end":{"line":1,"column":36}},"1":{"start":{"line":2,"column":0},"end":{"line":2,"column":47}},"2":{"start":{"line":3,"column":0},"end":{"line":3,"column":45}},"3":{"start":{"line":4,"column":0},"end":{"line":4,"column":34}}},"fnMap":{},"branchMap":{},"s":{"0":2,"1":2,"2":2,"3":2},"f":{},"b":{}}
,"/Users/mateusz.skibicki/Desktop/test-sls/src/validation/functions/is-email.function.ts": {"path":"/Users/mateusz.skibicki/Desktop/test-sls/src/validation/functions/is-email.function.ts","statementMap":{"0":{"start":{"line":8,"column":18},"end":{"line":8,"column":170}},"1":{"start":{"line":10,"column":4},"end":{"line":10,"column":39}},"2":{"start":{"line":6,"column":0},"end":{"line":6,"column":16}}},"fnMap":{"0":{"name":"isEmail","decl":{"start":{"line":6,"column":16},"end":{"line":6,"column":23}},"loc":{"start":{"line":6,"column":35},"end":{"line":12,"column":1}}}},"branchMap":{"0":{"loc":{"start":{"line":10,"column":11},"end":{"line":10,"column":16}},"type":"binary-expr","locations":[{"start":{"line":10,"column":11},"end":{"line":10,"column":16}},{"start":{"line":10,"column":20},"end":{"line":10,"column":38}}]}},"s":{"0":7,"1":7,"2":4},"f":{"0":7},"b":{"0":[7,7]}}
,"/Users/mateusz.skibicki/Desktop/test-sls/src/validation/functions/is-non-empty-string.function.ts": {"path":"/Users/mateusz.skibicki/Desktop/test-sls/src/validation/functions/is-non-empty-string.function.ts","statementMap":{"0":{"start":{"line":8,"column":4},"end":{"line":10,"column":26}},"1":{"start":{"line":6,"column":0},"end":{"line":6,"column":16}}},"fnMap":{"0":{"name":"isNonEmptyString","decl":{"start":{"line":6,"column":16},"end":{"line":6,"column":32}},"loc":{"start":{"line":6,"column":45},"end":{"line":12,"column":1}}}},"branchMap":{"0":{"loc":{"start":{"line":8,"column":11},"end":{"line":8,"column":16}},"type":"binary-expr","locations":[{"start":{"line":8,"column":11},"end":{"line":8,"column":16}},{"start":{"line":9,"column":11},"end":{"line":9,"column":34}},{"start":{"line":10,"column":11},"end":{"line":10,"column":25}}]}},"s":{"0":22,"1":4},"f":{"0":22},"b":{"0":[22,17,17]}}
,"/Users/mateusz.skibicki/Desktop/test-sls/src/validation/functions/is-valid-password.function.ts": {"path":"/Users/mateusz.skibicki/Desktop/test-sls/src/validation/functions/is-valid-password.function.ts","statementMap":{"0":{"start":{"line":13,"column":4},"end":{"line":17,"column":66}},"1":{"start":{"line":11,"column":0},"end":{"line":11,"column":16}}},"fnMap":{"0":{"name":"isValidPassword","decl":{"start":{"line":11,"column":16},"end":{"line":11,"column":31}},"loc":{"start":{"line":11,"column":43},"end":{"line":19,"column":1}}}},"branchMap":{"0":{"loc":{"start":{"line":13,"column":11},"end":{"line":13,"column":16}},"type":"binary-expr","locations":[{"start":{"line":13,"column":11},"end":{"line":13,"column":16}},{"start":{"line":14,"column":11},"end":{"line":14,"column":26}},{"start":{"line":15,"column":11},"end":{"line":15,"column":47}},{"start":{"line":16,"column":11},"end":{"line":16,"column":47}},{"start":{"line":17,"column":11},"end":{"line":17,"column":65}}]}},"s":{"0":16,"1":4},"f":{"0":16},"b":{"0":[16,16,13,12,11]}}
,"/Users/mateusz.skibicki/Desktop/test-sls/src/validation/functions/struct.function.ts": {"path":"/Users/mateusz.skibicki/Desktop/test-sls/src/validation/functions/struct.function.ts","statementMap":{"0":{"start":{"line":1,"column":0},"end":{"line":1,"column":55}},"1":{"start":{"line":2,"column":0},"end":{"line":2,"column":66}},"2":{"start":{"line":3,"column":0},"end":{"line":3,"column":46}},"3":{"start":{"line":4,"column":0},"end":{"line":4,"column":63}},"4":{"start":{"line":11,"column":13},"end":{"line":18,"column":3}},"5":{"start":{"line":13,"column":38},"end":{"line":13,"column":59}},"6":{"start":{"line":14,"column":29},"end":{"line":14,"column":41}},"7":{"start":{"line":15,"column":32},"end":{"line":15,"column":52}},"8":{"start":{"line":16,"column":30},"end":{"line":16,"column":35}}},"fnMap":{"0":{"name":"(anonymous_0)","decl":{"start":{"line":13,"column":20},"end":{"line":13,"column":21}},"loc":{"start":{"line":13,"column":38},"end":{"line":13,"column":59}}},"1":{"name":"(anonymous_1)","decl":{"start":{"line":14,"column":11},"end":{"line":14,"column":12}},"loc":{"start":{"line":14,"column":29},"end":{"line":14,"column":41}}},"2":{"name":"(anonymous_2)","decl":{"start":{"line":15,"column":14},"end":{"line":15,"column":15}},"loc":{"start":{"line":15,"column":32},"end":{"line":15,"column":52}}},"3":{"name":"(anonymous_3)","decl":{"start":{"line":16,"column":12},"end":{"line":16,"column":13}},"loc":{"start":{"line":16,"column":30},"end":{"line":16,"column":35}}}},"branchMap":{},"s":{"0":3,"1":3,"2":3,"3":3,"4":3,"5":18,"6":3,"7":6,"8":3},"f":{"0":18,"1":3,"2":6,"3":3},"b":{}}
}
