TN:
SF:/Users/mateusz.skibicki/Desktop/test-sls/src/core/index.ts
FNF:0
FNH:0
DA:1,2
DA:2,2
LF:2
LH:2
BRF:0
BRH:0
end_of_record
TN:
SF:/Users/mateusz.skibicki/Desktop/test-sls/src/core/database/index.ts
FNF:0
FNH:0
DA:1,2
DA:2,2
DA:3,2
LF:3
LH:3
BRF:0
BRH:0
end_of_record
TN:
SF:/Users/mateusz.skibicki/Desktop/test-sls/src/core/database/enum/database.enum.ts
FN:6,(anonymous_0)
FNF:1
FNH:1
FNDA:2,(anonymous_0)
DA:6,2
DA:7,2
DA:8,2
LF:3
LH:3
BRDA:6,0,0,2
BRDA:6,0,1,2
BRF:2
BRH:2
end_of_record
TN:
SF:/Users/mateusz.skibicki/Desktop/test-sls/src/core/database/enum/index.ts
FNF:0
FNH:0
DA:1,2
LF:1
LH:1
BRF:0
BRH:0
end_of_record
TN:
SF:/Users/mateusz.skibicki/Desktop/test-sls/src/core/database/models/BaseModel.model.ts
FN:21,(anonymous_2)
FNF:1
FNH:1
FNDA:6,(anonymous_2)
DA:1,4
DA:11,4
DA:16,4
DA:22,6
DA:24,1
DA:25,2
LF:6
LH:6
BRDA:22,0,0,5
BRDA:22,0,1,1
BRF:2
BRH:2
end_of_record
TN:
SF:/Users/mateusz.skibicki/Desktop/test-sls/src/core/database/models/Customer.model.ts
FN:51,(anonymous_2)
FN:14,(anonymous_3)
FN:20,(anonymous_4)
FNF:3
FNH:1
FNDA:4310,(anonymous_2)
FNDA:0,(anonymous_3)
FNDA:0,(anonymous_4)
DA:1,3
DA:7,3
DA:10,3
DA:14,0
DA:15,3
DA:20,0
DA:21,3
DA:27,3
DA:33,3
DA:39,3
DA:45,3
DA:52,4310
LF:12
LH:10
BRF:0
BRH:0
end_of_record
TN:
SF:/Users/mateusz.skibicki/Desktop/test-sls/src/core/database/models/index.ts
FNF:0
FNH:0
DA:1,2
DA:2,2
LF:2
LH:2
BRF:0
BRH:0
end_of_record
TN:
SF:/Users/mateusz.skibicki/Desktop/test-sls/src/core/database/services/database.service.ts
FN:12,database
FNF:1
FNH:1
FNDA:7,database
DA:1,2
DA:2,2
DA:12,2
DA:13,7
DA:14,2
DA:16,7
DA:18,7
LF:7
LH:7
BRDA:13,0,0,2
BRDA:13,0,1,5
BRDA:16,1,0,2
BRDA:16,1,1,5
BRF:4
BRH:4
end_of_record
TN:
SF:/Users/mateusz.skibicki/Desktop/test-sls/src/core/database/services/index.ts
FNF:0
FNH:0
DA:1,2
LF:1
LH:1
BRF:0
BRH:0
end_of_record
TN:
SF:/Users/mateusz.skibicki/Desktop/test-sls/src/core/lambda/index.ts
FNF:0
FNH:0
DA:1,2
LF:1
LH:1
BRF:0
BRH:0
end_of_record
TN:
SF:/Users/mateusz.skibicki/Desktop/test-sls/src/core/lambda/functions/index.ts
FNF:0
FNH:0
DA:1,2
DA:2,2
LF:2
LH:2
BRF:0
BRH:0
end_of_record
TN:
SF:/Users/mateusz.skibicki/Desktop/test-sls/src/core/lambda/functions/lambda.function.ts
FN:20,lambda
FN:24,(anonymous_8)
FN:28,(anonymous_9)
FNF:3
FNH:3
FNDA:1,lambda
FNDA:3,(anonymous_8)
FNDA:3,(anonymous_9)
DA:4,2
DA:20,2
DA:24,1
DA:28,3
DA:29,3
DA:30,3
DA:32,1
DA:44,1
LF:8
LH:8
BRDA:43,0,0,1
BRF:1
BRH:1
end_of_record
TN:
SF:/Users/mateusz.skibicki/Desktop/test-sls/src/core/lambda/functions/response.function.ts
FN:12,response
FNF:1
FNH:1
FNDA:3,response
DA:12,2
DA:18,3
DA:24,3
DA:27,3
LF:4
LH:4
BRDA:24,0,0,2
BRDA:24,0,1,1
BRDA:24,1,0,3
BRDA:24,1,1,2
BRF:4
BRH:4
end_of_record
TN:
SF:/Users/mateusz.skibicki/Desktop/test-sls/src/create-account/create-account.lambda.ts
FN:32,(anonymous_7)
FN:32,(anonymous_8)
FNF:2
FNH:2
FNDA:3,(anonymous_7)
FNDA:3,(anonymous_8)
DA:1,1
DA:9,1
DA:18,1
DA:30,1
DA:32,3
DA:34,3
DA:39,3
DA:42,2
LF:8
LH:8
BRF:0
BRH:0
end_of_record
TN:
SF:/Users/mateusz.skibicki/Desktop/test-sls/src/create-account/index.ts
FNF:0
FNH:0
DA:1,1
DA:3,1
LF:2
LH:2
BRF:0
BRH:0
end_of_record
TN:
SF:/Users/mateusz.skibicki/Desktop/test-sls/src/create-account/functions/create-account.function.ts
FN:10,(anonymous_7)
FN:12,(anonymous_8)
FNF:2
FNH:2
FNDA:4,(anonymous_7)
FNDA:4,(anonymous_8)
DA:2,2
DA:10,2
DA:12,4
DA:14,4
DA:17,4
DA:20,3
LF:6
LH:6
BRF:0
BRH:0
end_of_record
TN:
SF:/Users/mateusz.skibicki/Desktop/test-sls/src/create-account/functions/index.ts
FNF:0
FNH:0
DA:1,1
DA:2,1
LF:2
LH:2
BRF:0
BRH:0
end_of_record
TN:
SF:/Users/mateusz.skibicki/Desktop/test-sls/src/create-account/functions/parse-create-account.function.ts
FN:20,parseCreateAccountPayload
FNF:1
FNH:1
FNDA:6,parseCreateAccountPayload
DA:2,2
DA:9,2
DA:20,2
DA:21,6
DA:23,4
LF:5
LH:5
BRF:0
BRH:0
end_of_record
TN:
SF:/Users/mateusz.skibicki/Desktop/test-sls/src/validation/index.ts
FNF:0
FNH:0
DA:1,2
LF:1
LH:1
BRF:0
BRH:0
end_of_record
TN:
SF:/Users/mateusz.skibicki/Desktop/test-sls/src/validation/functions/index.ts
FNF:0
FNH:0
DA:1,2
DA:2,2
DA:3,2
DA:4,2
LF:4
LH:4
BRF:0
BRH:0
end_of_record
TN:
SF:/Users/mateusz.skibicki/Desktop/test-sls/src/validation/functions/is-email.function.ts
FN:6,isEmail
FNF:1
FNH:1
FNDA:7,isEmail
DA:6,4
DA:8,7
DA:10,7
LF:3
LH:3
BRDA:10,0,0,7
BRDA:10,0,1,7
BRF:2
BRH:2
end_of_record
TN:
SF:/Users/mateusz.skibicki/Desktop/test-sls/src/validation/functions/is-non-empty-string.function.ts
FN:6,isNonEmptyString
FNF:1
FNH:1
FNDA:22,isNonEmptyString
DA:6,4
DA:8,22
LF:2
LH:2
BRDA:8,0,0,22
BRDA:8,0,1,17
BRDA:8,0,2,17
BRF:3
BRH:3
end_of_record
TN:
SF:/Users/mateusz.skibicki/Desktop/test-sls/src/validation/functions/is-valid-password.function.ts
FN:11,isValidPassword
FNF:1
FNH:1
FNDA:16,isValidPassword
DA:11,4
DA:13,16
LF:2
LH:2
BRDA:13,0,0,16
BRDA:13,0,1,16
BRDA:13,0,2,13
BRDA:13,0,3,12
BRDA:13,0,4,11
BRF:5
BRH:5
end_of_record
TN:
SF:/Users/mateusz.skibicki/Desktop/test-sls/src/validation/functions/struct.function.ts
FN:13,(anonymous_0)
FN:14,(anonymous_1)
FN:15,(anonymous_2)
FN:16,(anonymous_3)
FNF:4
FNH:4
FNDA:18,(anonymous_0)
FNDA:3,(anonymous_1)
FNDA:6,(anonymous_2)
FNDA:3,(anonymous_3)
DA:1,3
DA:2,3
DA:3,3
DA:4,3
DA:11,3
DA:13,18
DA:14,3
DA:15,6
DA:16,3
LF:9
LH:9
BRF:0
BRH:0
end_of_record
